c:\users\han.glschool2\source\repos\hin032_trinhvanha\trainingframework\trainingframework\debug\trainingframework.pch
c:\users\han.glschool2\source\repos\hin032_trinhvanha\trainingframework\trainingframework\debug\vc143.pdb
c:\users\han.glschool2\source\repos\hin032_trinhvanha\trainingframework\trainingframework\debug\vc143.idb
c:\users\han.glschool2\source\repos\hin032_trinhvanha\trainingframework\trainingframework\debug\stdafx.obj
c:\users\han.glschool2\source\repos\hin032_trinhvanha\trainingframework\trainingframework\debug\camera.obj
c:\users\han.glschool2\source\repos\hin032_trinhvanha\trainingframework\trainingframework\debug\model.obj
c:\users\han.glschool2\source\repos\hin032_trinhvanha\trainingframework\trainingframework\debug\scenemanager.obj
c:\users\han.glschool2\source\repos\hin032_trinhvanha\trainingframework\trainingframework\debug\texture.obj
c:\users\han.glschool2\source\repos\hin032_trinhvanha\trainingframework\trainingframework\debug\trainingframework.obj
c:\users\han.glschool2\source\repos\hin032_trinhvanha\trainingframework\trainingframework\debug\shaders.obj
c:\users\han.glschool2\source\repos\hin032_trinhvanha\trainingframework\trainingframework\debug\object.obj
c:\users\han.glschool2\source\repos\hin032_trinhvanha\trainingframework\bin\trainingframework.exe
c:\users\han.glschool2\source\repos\hin032_trinhvanha\trainingframework\trainingframework\debug\trainingframework.ilk
c:\users\han.glschool2\source\repos\hin032_trinhvanha\trainingframework\bin\trainingframework.pdb
c:\users\han.glschool2\source\repos\hin032_trinhvanha\trainingframework\\bin\trainingframework.pdb
c:\users\han.glschool2\source\repos\hin032_trinhvanha\trainingframework\trainingframework\debug\training.fc024ec8.tlog\cl.command.1.tlog
c:\users\han.glschool2\source\repos\hin032_trinhvanha\trainingframework\trainingframework\debug\training.fc024ec8.tlog\cl.items.tlog
c:\users\han.glschool2\source\repos\hin032_trinhvanha\trainingframework\trainingframework\debug\training.fc024ec8.tlog\cl.read.1.tlog
c:\users\han.glschool2\source\repos\hin032_trinhvanha\trainingframework\trainingframework\debug\training.fc024ec8.tlog\cl.write.1.tlog
c:\users\han.glschool2\source\repos\hin032_trinhvanha\trainingframework\trainingframework\debug\training.fc024ec8.tlog\link.command.1.tlog
c:\users\han.glschool2\source\repos\hin032_trinhvanha\trainingframework\trainingframework\debug\training.fc024ec8.tlog\link.read.1.tlog
c:\users\han.glschool2\source\repos\hin032_trinhvanha\trainingframework\trainingframework\debug\training.fc024ec8.tlog\link.write.1.tlog
