<<<<<<< HEAD
c:\users\trinh\onedrive\desktop\hin032_gl\clone fr_25_08_2023\hin032_trinhvanha\trainingframework\utilities\debug\utilities.pch
c:\users\trinh\onedrive\desktop\hin032_gl\clone fr_25_08_2023\hin032_trinhvanha\trainingframework\debug\utilities.pdb
c:\users\trinh\onedrive\desktop\hin032_gl\clone fr_25_08_2023\hin032_trinhvanha\trainingframework\debug\utilities.idb
c:\users\trinh\onedrive\desktop\hin032_gl\clone fr_25_08_2023\hin032_trinhvanha\trainingframework\utilities\debug\stdafx.obj
c:\users\trinh\onedrive\desktop\hin032_gl\clone fr_25_08_2023\hin032_trinhvanha\trainingframework\utilities\debug\esshader.obj
c:\users\trinh\onedrive\desktop\hin032_gl\clone fr_25_08_2023\hin032_trinhvanha\trainingframework\utilities\debug\esutil.obj
c:\users\trinh\onedrive\desktop\hin032_gl\clone fr_25_08_2023\hin032_trinhvanha\trainingframework\utilities\debug\esutil_win.obj
c:\users\trinh\onedrive\desktop\hin032_gl\clone fr_25_08_2023\hin032_trinhvanha\trainingframework\utilities\debug\math.obj
c:\users\trinh\onedrive\desktop\hin032_gl\clone fr_25_08_2023\hin032_trinhvanha\trainingframework\utilities\debug\memorymanager.obj
c:\users\trinh\onedrive\desktop\hin032_gl\clone fr_25_08_2023\hin032_trinhvanha\trainingframework\utilities\debug\memoryoperators.obj
c:\users\trinh\onedrive\desktop\hin032_gl\clone fr_25_08_2023\hin032_trinhvanha\trainingframework\utilities\debug\tga.obj
c:\users\trinh\onedrive\desktop\hin032_gl\clone fr_25_08_2023\hin032_trinhvanha\trainingframework\debug\utilities.lib
c:\users\trinh\onedrive\desktop\hin032_gl\clone fr_25_08_2023\hin032_trinhvanha\trainingframework\utilities\debug\utilities.tlog\cl.command.1.tlog
c:\users\trinh\onedrive\desktop\hin032_gl\clone fr_25_08_2023\hin032_trinhvanha\trainingframework\utilities\debug\utilities.tlog\cl.items.tlog
c:\users\trinh\onedrive\desktop\hin032_gl\clone fr_25_08_2023\hin032_trinhvanha\trainingframework\utilities\debug\utilities.tlog\cl.read.1.tlog
c:\users\trinh\onedrive\desktop\hin032_gl\clone fr_25_08_2023\hin032_trinhvanha\trainingframework\utilities\debug\utilities.tlog\cl.write.1.tlog
c:\users\trinh\onedrive\desktop\hin032_gl\clone fr_25_08_2023\hin032_trinhvanha\trainingframework\utilities\debug\utilities.tlog\lib-link.write.1.tlog
c:\users\trinh\onedrive\desktop\hin032_gl\clone fr_25_08_2023\hin032_trinhvanha\trainingframework\utilities\debug\utilities.tlog\lib.command.1.tlog
c:\users\trinh\onedrive\desktop\hin032_gl\clone fr_25_08_2023\hin032_trinhvanha\trainingframework\utilities\debug\utilities.tlog\lib.read.1.tlog
=======
c:\users\han.glschool2\desktop\hin032_gl\clone from git\hin032_trinhvanha\trainingframework\utilities\debug\utilities.pch
c:\users\han.glschool2\desktop\hin032_gl\clone from git\hin032_trinhvanha\trainingframework\debug\utilities.pdb
c:\users\han.glschool2\desktop\hin032_gl\clone from git\hin032_trinhvanha\trainingframework\debug\utilities.idb
c:\users\han.glschool2\desktop\hin032_gl\clone from git\hin032_trinhvanha\trainingframework\utilities\debug\stdafx.obj
c:\users\han.glschool2\desktop\hin032_gl\clone from git\hin032_trinhvanha\trainingframework\utilities\debug\esshader.obj
c:\users\han.glschool2\desktop\hin032_gl\clone from git\hin032_trinhvanha\trainingframework\utilities\debug\esutil.obj
c:\users\han.glschool2\desktop\hin032_gl\clone from git\hin032_trinhvanha\trainingframework\utilities\debug\esutil_win.obj
c:\users\han.glschool2\desktop\hin032_gl\clone from git\hin032_trinhvanha\trainingframework\utilities\debug\math.obj
c:\users\han.glschool2\desktop\hin032_gl\clone from git\hin032_trinhvanha\trainingframework\utilities\debug\memorymanager.obj
c:\users\han.glschool2\desktop\hin032_gl\clone from git\hin032_trinhvanha\trainingframework\utilities\debug\memoryoperators.obj
c:\users\han.glschool2\desktop\hin032_gl\clone from git\hin032_trinhvanha\trainingframework\utilities\debug\png.obj
c:\users\han.glschool2\desktop\hin032_gl\clone from git\hin032_trinhvanha\trainingframework\utilities\debug\tga.obj
c:\users\han.glschool2\desktop\hin032_gl\clone from git\hin032_trinhvanha\trainingframework\debug\utilities.lib
c:\users\han.glschool2\desktop\hin032_gl\clone from git\hin032_trinhvanha\trainingframework\utilities\debug\utilities.tlog\cl.command.1.tlog
c:\users\han.glschool2\desktop\hin032_gl\clone from git\hin032_trinhvanha\trainingframework\utilities\debug\utilities.tlog\cl.items.tlog
c:\users\han.glschool2\desktop\hin032_gl\clone from git\hin032_trinhvanha\trainingframework\utilities\debug\utilities.tlog\cl.read.1.tlog
c:\users\han.glschool2\desktop\hin032_gl\clone from git\hin032_trinhvanha\trainingframework\utilities\debug\utilities.tlog\cl.write.1.tlog
c:\users\han.glschool2\desktop\hin032_gl\clone from git\hin032_trinhvanha\trainingframework\utilities\debug\utilities.tlog\lib-link.write.1.tlog
c:\users\han.glschool2\desktop\hin032_gl\clone from git\hin032_trinhvanha\trainingframework\utilities\debug\utilities.tlog\lib.command.1.tlog
c:\users\han.glschool2\desktop\hin032_gl\clone from git\hin032_trinhvanha\trainingframework\utilities\debug\utilities.tlog\lib.read.1.tlog
>>>>>>> b9a3bdfbdf9d2d796746476b27edd4396e841002
